CRITICAL - 2021-11-17 04:49:24 --> The framework needs the following extension(s) installed and loaded: intl.
#0 C:\xampp\htdocs\real-time\ci\system\CodeIgniter.php(219): CodeIgniter\Exceptions\FrameworkException::forMissingExtension('intl')
#1 C:\xampp\htdocs\real-time\ci\system\CodeIgniter.php(177): CodeIgniter\CodeIgniter->resolvePlatformExtensions()
#2 C:\xampp\htdocs\real-time\ci\system\bootstrap.php(146): CodeIgniter\CodeIgniter->initialize()
#3 C:\xampp\htdocs\real-time\ci\spark(45): require('C:\\xampp\\htdocs...')
#4 {main}
CRITICAL - 2021-11-17 04:53:59 --> The framework needs the following extension(s) installed and loaded: intl.
#0 C:\xampp\htdocs\real-time\ci\system\CodeIgniter.php(219): CodeIgniter\Exceptions\FrameworkException::forMissingExtension('intl')
#1 C:\xampp\htdocs\real-time\ci\system\CodeIgniter.php(177): CodeIgniter\CodeIgniter->resolvePlatformExtensions()
#2 C:\xampp\htdocs\real-time\ci\system\bootstrap.php(146): CodeIgniter\CodeIgniter->initialize()
#3 C:\xampp\htdocs\real-time\ci\spark(45): require('C:\\xampp\\htdocs...')
#4 {main}
CRITICAL - 2021-11-17 04:54:12 --> The framework needs the following extension(s) installed and loaded: intl.
#0 C:\xampp\htdocs\real-time\ci\system\CodeIgniter.php(219): CodeIgniter\Exceptions\FrameworkException::forMissingExtension('intl')
#1 C:\xampp\htdocs\real-time\ci\system\CodeIgniter.php(177): CodeIgniter\CodeIgniter->resolvePlatformExtensions()
#2 C:\xampp\htdocs\real-time\ci\system\bootstrap.php(146): CodeIgniter\CodeIgniter->initialize()
#3 C:\xampp\htdocs\real-time\ci\spark(45): require('C:\\xampp\\htdocs...')
#4 {main}
CRITICAL - 2021-11-17 00:12:04 --> syntax error, unexpected identifier "print_r"
#0 C:\xampp\htdocs\real-time\ci\system\View\View.php(217): CodeIgniter\View\View->CodeIgniter\View\{closure}()
#1 C:\xampp\htdocs\real-time\ci\system\Common.php(1097): CodeIgniter\View\View->render('ip', Array, true)
#2 C:\xampp\htdocs\real-time\ci\app\Controllers\IpDetails.php(28): view('ip', Array)
#3 C:\xampp\htdocs\real-time\ci\system\CodeIgniter.php(824): App\Controllers\IpDetails->index()
#4 C:\xampp\htdocs\real-time\ci\system\CodeIgniter.php(410): CodeIgniter\CodeIgniter->runController(Object(App\Controllers\IpDetails))
#5 C:\xampp\htdocs\real-time\ci\system\CodeIgniter.php(318): CodeIgniter\CodeIgniter->handleRequest(NULL, Object(Config\Cache), false)
#6 C:\xampp\htdocs\real-time\ci\public\index.php(37): CodeIgniter\CodeIgniter->run()
#7 {main}
CRITICAL - 2021-11-17 00:12:10 --> syntax error, unexpected identifier "print_r"
#0 C:\xampp\htdocs\real-time\ci\system\View\View.php(217): CodeIgniter\View\View->CodeIgniter\View\{closure}()
#1 C:\xampp\htdocs\real-time\ci\system\Common.php(1097): CodeIgniter\View\View->render('ip', Array, true)
#2 C:\xampp\htdocs\real-time\ci\app\Controllers\IpDetails.php(28): view('ip', Array)
#3 C:\xampp\htdocs\real-time\ci\system\CodeIgniter.php(824): App\Controllers\IpDetails->index()
#4 C:\xampp\htdocs\real-time\ci\system\CodeIgniter.php(410): CodeIgniter\CodeIgniter->runController(Object(App\Controllers\IpDetails))
#5 C:\xampp\htdocs\real-time\ci\system\CodeIgniter.php(318): CodeIgniter\CodeIgniter->handleRequest(NULL, Object(Config\Cache), false)
#6 C:\xampp\htdocs\real-time\ci\public\index.php(37): CodeIgniter\CodeIgniter->run()
#7 {main}
CRITICAL - 2021-11-17 00:12:14 --> syntax error, unexpected identifier "print_r"
#0 C:\xampp\htdocs\real-time\ci\system\View\View.php(217): CodeIgniter\View\View->CodeIgniter\View\{closure}()
#1 C:\xampp\htdocs\real-time\ci\system\Common.php(1097): CodeIgniter\View\View->render('ip', Array, true)
#2 C:\xampp\htdocs\real-time\ci\app\Controllers\IpDetails.php(28): view('ip', Array)
#3 C:\xampp\htdocs\real-time\ci\system\CodeIgniter.php(824): App\Controllers\IpDetails->index()
#4 C:\xampp\htdocs\real-time\ci\system\CodeIgniter.php(410): CodeIgniter\CodeIgniter->runController(Object(App\Controllers\IpDetails))
#5 C:\xampp\htdocs\real-time\ci\system\CodeIgniter.php(318): CodeIgniter\CodeIgniter->handleRequest(NULL, Object(Config\Cache), false)
#6 C:\xampp\htdocs\real-time\ci\public\index.php(37): CodeIgniter\CodeIgniter->run()
#7 {main}
CRITICAL - 2021-11-17 00:12:20 --> syntax error, unexpected identifier "print_r"
#0 C:\xampp\htdocs\real-time\ci\system\View\View.php(217): CodeIgniter\View\View->CodeIgniter\View\{closure}()
#1 C:\xampp\htdocs\real-time\ci\system\Common.php(1097): CodeIgniter\View\View->render('ip', Array, true)
#2 C:\xampp\htdocs\real-time\ci\app\Controllers\IpDetails.php(28): view('ip', Array)
#3 C:\xampp\htdocs\real-time\ci\system\CodeIgniter.php(824): App\Controllers\IpDetails->index()
#4 C:\xampp\htdocs\real-time\ci\system\CodeIgniter.php(410): CodeIgniter\CodeIgniter->runController(Object(App\Controllers\IpDetails))
#5 C:\xampp\htdocs\real-time\ci\system\CodeIgniter.php(318): CodeIgniter\CodeIgniter->handleRequest(NULL, Object(Config\Cache), false)
#6 C:\xampp\htdocs\real-time\ci\public\index.php(37): CodeIgniter\CodeIgniter->run()
#7 {main}
CRITICAL - 2021-11-17 00:13:00 --> syntax error, unexpected token "else", expecting end of file
#0 C:\xampp\htdocs\real-time\ci\system\View\View.php(217): CodeIgniter\View\View->CodeIgniter\View\{closure}()
#1 C:\xampp\htdocs\real-time\ci\system\Common.php(1097): CodeIgniter\View\View->render('ip', Array, true)
#2 C:\xampp\htdocs\real-time\ci\app\Controllers\IpDetails.php(28): view('ip', Array)
#3 C:\xampp\htdocs\real-time\ci\system\CodeIgniter.php(824): App\Controllers\IpDetails->index()
#4 C:\xampp\htdocs\real-time\ci\system\CodeIgniter.php(410): CodeIgniter\CodeIgniter->runController(Object(App\Controllers\IpDetails))
#5 C:\xampp\htdocs\real-time\ci\system\CodeIgniter.php(318): CodeIgniter\CodeIgniter->handleRequest(NULL, Object(Config\Cache), false)
#6 C:\xampp\htdocs\real-time\ci\public\index.php(37): CodeIgniter\CodeIgniter->run()
#7 {main}
CRITICAL - 2021-11-17 00:13:21 --> Unmatched '}'
#0 C:\xampp\htdocs\real-time\ci\system\View\View.php(217): CodeIgniter\View\View->CodeIgniter\View\{closure}()
#1 C:\xampp\htdocs\real-time\ci\system\Common.php(1097): CodeIgniter\View\View->render('ip', Array, true)
#2 C:\xampp\htdocs\real-time\ci\app\Controllers\IpDetails.php(28): view('ip', Array)
#3 C:\xampp\htdocs\real-time\ci\system\CodeIgniter.php(824): App\Controllers\IpDetails->index()
#4 C:\xampp\htdocs\real-time\ci\system\CodeIgniter.php(410): CodeIgniter\CodeIgniter->runController(Object(App\Controllers\IpDetails))
#5 C:\xampp\htdocs\real-time\ci\system\CodeIgniter.php(318): CodeIgniter\CodeIgniter->handleRequest(NULL, Object(Config\Cache), false)
#6 C:\xampp\htdocs\real-time\ci\public\index.php(37): CodeIgniter\CodeIgniter->run()
#7 {main}
CRITICAL - 2021-11-17 00:40:34 --> Undefined property: CodeIgniter\Autoloader\Autoloader::$load
#0 C:\xampp\htdocs\real-time\ci\app\Controllers\IpDetails.php(5): CodeIgniter\Debug\Exceptions->errorHandler(2, 'Undefined prope...', 'C:\\xampp\\htdocs...', 5)
#1 C:\xampp\htdocs\real-time\ci\system\Autoloader\Autoloader.php(264): include_once('C:\\xampp\\htdocs...')
#2 C:\xampp\htdocs\real-time\ci\system\Autoloader\Autoloader.php(241): CodeIgniter\Autoloader\Autoloader->includeFile('C:\\xampp\\htdocs...')
#3 C:\xampp\htdocs\real-time\ci\system\Autoloader\Autoloader.php(219): CodeIgniter\Autoloader\Autoloader->loadInNamespace('App\\Controllers...')
#4 [internal function]: CodeIgniter\Autoloader\Autoloader->loadClass('App\\Controllers...')
#5 C:\xampp\htdocs\real-time\ci\system\CodeIgniter.php(789): class_exists('\\App\\Controller...', true)
#6 C:\xampp\htdocs\real-time\ci\system\CodeIgniter.php(397): CodeIgniter\CodeIgniter->startController()
#7 C:\xampp\htdocs\real-time\ci\system\CodeIgniter.php(318): CodeIgniter\CodeIgniter->handleRequest(NULL, Object(Config\Cache), false)
#8 C:\xampp\htdocs\real-time\ci\public\index.php(37): CodeIgniter\CodeIgniter->run()
#9 C:\xampp\htdocs\real-time\ci\system\Commands\Server\rewrite.php(43): require_once('C:\\xampp\\htdocs...')
#10 {main}
CRITICAL - 2021-11-17 00:41:12 --> syntax error, unexpected variable "$this", expecting "function" or "const"
#0 C:\xampp\htdocs\real-time\ci\system\Autoloader\Autoloader.php(241): CodeIgniter\Autoloader\Autoloader->includeFile('C:\\xampp\\htdocs...')
#1 C:\xampp\htdocs\real-time\ci\system\Autoloader\Autoloader.php(219): CodeIgniter\Autoloader\Autoloader->loadInNamespace('App\\Controllers...')
#2 [internal function]: CodeIgniter\Autoloader\Autoloader->loadClass('App\\Controllers...')
#3 C:\xampp\htdocs\real-time\ci\system\CodeIgniter.php(789): class_exists('\\App\\Controller...', true)
#4 C:\xampp\htdocs\real-time\ci\system\CodeIgniter.php(397): CodeIgniter\CodeIgniter->startController()
#5 C:\xampp\htdocs\real-time\ci\system\CodeIgniter.php(318): CodeIgniter\CodeIgniter->handleRequest(NULL, Object(Config\Cache), false)
#6 C:\xampp\htdocs\real-time\ci\public\index.php(37): CodeIgniter\CodeIgniter->run()
#7 C:\xampp\htdocs\real-time\ci\system\Commands\Server\rewrite.php(43): require_once('C:\\xampp\\htdocs...')
#8 {main}
CRITICAL - 2021-11-17 01:00:29 --> syntax error, unexpected double-quoted string ">", expecting "," or ";"
#0 C:\xampp\htdocs\real-time\ci\system\View\View.php(217): CodeIgniter\View\View->CodeIgniter\View\{closure}()
#1 C:\xampp\htdocs\real-time\ci\system\Common.php(1097): CodeIgniter\View\View->render('ip', Array, true)
#2 C:\xampp\htdocs\real-time\ci\app\Controllers\IpDetails.php(30): view('ip', Array)
#3 C:\xampp\htdocs\real-time\ci\system\CodeIgniter.php(824): App\Controllers\IpDetails->index()
#4 C:\xampp\htdocs\real-time\ci\system\CodeIgniter.php(410): CodeIgniter\CodeIgniter->runController(Object(App\Controllers\IpDetails))
#5 C:\xampp\htdocs\real-time\ci\system\CodeIgniter.php(318): CodeIgniter\CodeIgniter->handleRequest(NULL, Object(Config\Cache), false)
#6 C:\xampp\htdocs\real-time\ci\public\index.php(37): CodeIgniter\CodeIgniter->run()
#7 C:\xampp\htdocs\real-time\ci\system\Commands\Server\rewrite.php(43): require_once('C:\\xampp\\htdocs...')
#8 {main}
